  Ftp.cpp
C:\Users\revox\source\repos\RicardoAffonso0607\Jogo\SFML-2.5.1\examples\ftp\Ftp.cpp(207,1): fatal  error C1010: fim de arquivo inesperado durante procura por cabeçalho pré-compilado. Você esqueceu de adicionar '#include "stdafx.h"' à sua fonte?
  Island.cpp
C:\Users\revox\source\repos\RicardoAffonso0607\Jogo\SFML-2.5.1\examples\island\Island.cpp(591,1): fatal  error C1010: fim de arquivo inesperado durante procura por cabeçalho pré-compilado. Você esqueceu de adicionar '#include "stdafx.h"' à sua fonte?
  Joystick.cpp
C:\Users\revox\source\repos\RicardoAffonso0607\Jogo\SFML-2.5.1\examples\joystick\Joystick.cpp(239,1): fatal  error C1010: fim de arquivo inesperado durante procura por cabeçalho pré-compilado. Você esqueceu de adicionar '#include "stdafx.h"' à sua fonte?
  OpenGL.cpp
C:\Users\revox\source\repos\RicardoAffonso0607\Jogo\SFML-2.5.1\examples\opengl\OpenGL.cpp(259,1): fatal  error C1010: fim de arquivo inesperado durante procura por cabeçalho pré-compilado. Você esqueceu de adicionar '#include "stdafx.h"' à sua fonte?
  Pong.cpp
C:\Users\revox\source\repos\RicardoAffonso0607\Jogo\SFML-2.5.1\examples\pong\Pong.cpp(243,1): fatal  error C1010: fim de arquivo inesperado durante procura por cabeçalho pré-compilado. Você esqueceu de adicionar '#include "stdafx.h"' à sua fonte?
  Shader.cpp
C:\Users\revox\source\repos\RicardoAffonso0607\Jogo\SFML-2.5.1\examples\shader\Shader.cpp(461,1): fatal  error C1010: fim de arquivo inesperado durante procura por cabeçalho pré-compilado. Você esqueceu de adicionar '#include "stdafx.h"' à sua fonte?
  Sockets.cpp
C:\Users\revox\source\repos\RicardoAffonso0607\Jogo\SFML-2.5.1\examples\sockets\Sockets.cpp(60,1): fatal  error C1010: fim de arquivo inesperado durante procura por cabeçalho pré-compilado. Você esqueceu de adicionar '#include "stdafx.h"' à sua fonte?
  TCP.cpp
C:\Users\revox\source\repos\RicardoAffonso0607\Jogo\SFML-2.5.1\examples\sockets\TCP.cpp(82,1): fatal  error C1010: fim de arquivo inesperado durante procura por cabeçalho pré-compilado. Você esqueceu de adicionar '#include "stdafx.h"' à sua fonte?
  UDP.cpp
C:\Users\revox\source\repos\RicardoAffonso0607\Jogo\SFML-2.5.1\examples\sockets\UDP.cpp(73,1): fatal  error C1010: fim de arquivo inesperado durante procura por cabeçalho pré-compilado. Você esqueceu de adicionar '#include "stdafx.h"' à sua fonte?
  SoundCapture.cpp
C:\Users\revox\source\repos\RicardoAffonso0607\Jogo\SFML-2.5.1\examples\sound-capture\SoundCapture.cpp(95,1): fatal  error C1010: fim de arquivo inesperado durante procura por cabeçalho pré-compilado. Você esqueceu de adicionar '#include "stdafx.h"' à sua fonte?
  Sound.cpp
C:\Users\revox\source\repos\RicardoAffonso0607\Jogo\SFML-2.5.1\examples\sound\Sound.cpp(102,1): fatal  error C1010: fim de arquivo inesperado durante procura por cabeçalho pré-compilado. Você esqueceu de adicionar '#include "stdafx.h"' à sua fonte?
  Client.cpp
C:\Users\revox\source\repos\RicardoAffonso0607\Jogo\SFML-2.5.1\examples\voip\Client.cpp(142,1): fatal  error C1010: fim de arquivo inesperado durante procura por cabeçalho pré-compilado. Você esqueceu de adicionar '#include "stdafx.h"' à sua fonte?
  Server.cpp
C:\Users\revox\source\repos\RicardoAffonso0607\Jogo\SFML-2.5.1\examples\voip\Server.cpp(201,1): fatal  error C1010: fim de arquivo inesperado durante procura por cabeçalho pré-compilado. Você esqueceu de adicionar '#include "stdafx.h"' à sua fonte?
  VoIP.cpp
C:\Users\revox\source\repos\RicardoAffonso0607\Jogo\SFML-2.5.1\examples\voip\VoIP.cpp(51,1): fatal  error C1010: fim de arquivo inesperado durante procura por cabeçalho pré-compilado. Você esqueceu de adicionar '#include "stdafx.h"' à sua fonte?
  Win32.cpp
C:\Users\revox\source\repos\RicardoAffonso0607\Jogo\SFML-2.5.1\examples\win32\Win32.cpp(133,1): fatal  error C1010: fim de arquivo inesperado durante procura por cabeçalho pré-compilado. Você esqueceu de adicionar '#include "stdafx.h"' à sua fonte?
  Window.cpp
C:\Users\revox\source\repos\RicardoAffonso0607\Jogo\SFML-2.5.1\examples\window\Window.cpp(147,1): fatal  error C1010: fim de arquivo inesperado durante procura por cabeçalho pré-compilado. Você esqueceu de adicionar '#include "stdafx.h"' à sua fonte?
  Ente.cpp
C:\Users\revox\source\repos\RicardoAffonso0607\Jogo\src\Ente.cpp(1,10): fatal  error C1083: Não é possível abrir arquivo cabeçalho pré-compilado: 'x64\Debug\TrabalhoTecProg.pch': No such file or directory
  Entidade.cpp
C:\Users\revox\source\repos\RicardoAffonso0607\Jogo\src\Entidade\Entidade.cpp(1,10): fatal  error C1083: Não é possível abrir arquivo cabeçalho pré-compilado: 'x64\Debug\TrabalhoTecProg.pch': No such file or directory
  Jogador.cpp
C:\Users\revox\source\repos\RicardoAffonso0607\Jogo\src\Entidade\Personagem\Jogador\Jogador.cpp(1,10): fatal  error C1083: Não é possível abrir arquivo cabeçalho pré-compilado: 'x64\Debug\TrabalhoTecProg.pch': No such file or directory
  Personagem.cpp
C:\Users\revox\source\repos\RicardoAffonso0607\Jogo\src\Entidade\Personagem\Personagem.cpp(1,10): fatal  error C1083: Não é possível abrir arquivo cabeçalho pré-compilado: 'x64\Debug\TrabalhoTecProg.pch': No such file or directory
  Gerando Código...
  Compilando...
  Estado.cpp
C:\Users\revox\source\repos\RicardoAffonso0607\Jogo\src\Estado\Estado.cpp(1,1): fatal  error C1010: fim de arquivo inesperado durante procura por cabeçalho pré-compilado. Você esqueceu de adicionar '#include "stdafx.h"' à sua fonte?
  Jogo.cpp
C:\Users\revox\source\repos\RicardoAffonso0607\Jogo\src\Estado\Jogo.cpp(1,10): fatal  error C1083: Não é possível abrir arquivo cabeçalho pré-compilado: 'x64\Debug\TrabalhoTecProg.pch': No such file or directory
  Nivel.cpp
C:\Users\revox\source\repos\RicardoAffonso0607\Jogo\src\Estado\Nivel.cpp(1,10): fatal  error C1083: Não é possível abrir arquivo cabeçalho pré-compilado: 'x64\Debug\TrabalhoTecProg.pch': No such file or directory
  Colisao.cpp
C:\Users\revox\source\repos\RicardoAffonso0607\Jogo\src\Gerenciador\Colisao.cpp(1,10): fatal  error C1083: Não é possível abrir arquivo cabeçalho pré-compilado: 'x64\Debug\TrabalhoTecProg.pch': No such file or directory
  ListaEntidades.cpp
C:\Users\revox\source\repos\RicardoAffonso0607\Jogo\src\Lista\ListaEntidades.cpp(1,10): fatal  error C1083: Não é possível abrir arquivo cabeçalho pré-compilado: 'x64\Debug\TrabalhoTecProg.pch': No such file or directory
  main.cpp
C:\Users\revox\source\repos\RicardoAffonso0607\Jogo\src\main.cpp(1,10): fatal  error C1083: Não é possível abrir arquivo cabeçalho pré-compilado: 'x64\Debug\TrabalhoTecProg.pch': No such file or directory
  stdafx.cpp
C:\Users\revox\source\repos\RicardoAffonso0607\Jogo\src\stdafx.cpp(1,10): fatal  error C1083: Não é possível abrir arquivo cabeçalho pré-compilado: 'x64\Debug\TrabalhoTecProg.pch': No such file or directory
  Gerando Código...
