c:\users\ricardo affonso\source\repos\trabalhotecprog\trabalhotecprog\release\trabalhotecprog.pch
c:\users\ricardo affonso\source\repos\trabalhotecprog\trabalhotecprog\release\vc142.pdb
c:\users\ricardo affonso\source\repos\trabalhotecprog\trabalhotecprog\release\stdafx.obj
c:\users\ricardo affonso\source\repos\trabalhotecprog\trabalhotecprog\release\personagem.obj
c:\users\ricardo affonso\source\repos\trabalhotecprog\trabalhotecprog\release\main.obj
c:\users\ricardo affonso\source\repos\trabalhotecprog\trabalhotecprog\release\lista_entidades.obj
c:\users\ricardo affonso\source\repos\trabalhotecprog\trabalhotecprog\release\jogo.obj
c:\users\ricardo affonso\source\repos\trabalhotecprog\trabalhotecprog\release\jogador.obj
c:\users\ricardo affonso\source\repos\trabalhotecprog\trabalhotecprog\release\entidade.obj
c:\users\ricardo affonso\source\repos\trabalhotecprog\trabalhotecprog\release\ente.obj
c:\users\ricardo affonso\source\repos\trabalhotecprog\release\trabalhotecprog.exe
c:\users\ricardo affonso\source\repos\trabalhotecprog\trabalhotecprog\release\trabalhotecprog.ipdb
c:\users\ricardo affonso\source\repos\trabalhotecprog\trabalhotecprog\release\trabalhotecprog.iobj
c:\users\ricardo affonso\source\repos\trabalhotecprog\release\trabalhotecprog.pdb
c:\users\ricardo affonso\source\repos\trabalhotecprog\trabalhotecprog\release\trabalhotecprog.tlog\cl.command.1.tlog
c:\users\ricardo affonso\source\repos\trabalhotecprog\trabalhotecprog\release\trabalhotecprog.tlog\cl.read.1.tlog
c:\users\ricardo affonso\source\repos\trabalhotecprog\trabalhotecprog\release\trabalhotecprog.tlog\cl.write.1.tlog
c:\users\ricardo affonso\source\repos\trabalhotecprog\trabalhotecprog\release\trabalhotecprog.tlog\link.command.1.tlog
c:\users\ricardo affonso\source\repos\trabalhotecprog\trabalhotecprog\release\trabalhotecprog.tlog\link.read.1.tlog
c:\users\ricardo affonso\source\repos\trabalhotecprog\trabalhotecprog\release\trabalhotecprog.tlog\link.write.1.tlog
