  Player.cpp
C:\Users\Ricardo Affonso\source\repos\TrabalhoTecProg\TrabalhoTecProg\Player.cpp(105,41): warning C4244: '+=': conversão de 'double' para 'T', possível perda de dados
          with
          [
              T=float
          ]
C:\Users\Ricardo Affonso\source\repos\TrabalhoTecProg\TrabalhoTecProg\Player.cpp(157,29): warning C4244: '=': conversão de 'float' para 'T', possível perda de dados
          with
          [
              T=int
          ]
C:\Users\Ricardo Affonso\source\repos\TrabalhoTecProg\TrabalhoTecProg\Player.cpp(158,35): warning C4244: '+=': conversão de 'float' para 'T', possível perda de dados
          with
          [
              T=int
          ]
C:\Users\Ricardo Affonso\source\repos\TrabalhoTecProg\TrabalhoTecProg\Player.cpp(170,29): warning C4244: '=': conversão de 'float' para 'T', possível perda de dados
          with
          [
              T=int
          ]
C:\Users\Ricardo Affonso\source\repos\TrabalhoTecProg\TrabalhoTecProg\Player.cpp(171,35): warning C4244: '+=': conversão de 'float' para 'T', possível perda de dados
          with
          [
              T=int
          ]
C:\Users\Ricardo Affonso\source\repos\TrabalhoTecProg\TrabalhoTecProg\Player.cpp(187,29): warning C4244: '=': conversão de 'float' para 'T', possível perda de dados
          with
          [
              T=int
          ]
C:\Users\Ricardo Affonso\source\repos\TrabalhoTecProg\TrabalhoTecProg\Player.cpp(188,35): warning C4244: '+=': conversão de 'float' para 'T', possível perda de dados
          with
          [
              T=int
          ]
C:\Users\Ricardo Affonso\source\repos\TrabalhoTecProg\TrabalhoTecProg\Player.cpp(204,29): warning C4244: '=': conversão de 'float' para 'T', possível perda de dados
          with
          [
              T=int
          ]
C:\Users\Ricardo Affonso\source\repos\TrabalhoTecProg\TrabalhoTecProg\Player.cpp(205,35): warning C4244: '+=': conversão de 'float' para 'T', possível perda de dados
          with
          [
              T=int
          ]
C:\Users\Ricardo Affonso\source\repos\TrabalhoTecProg\TrabalhoTecProg\Player.cpp(221,29): warning C4244: '=': conversão de 'float' para 'T', possível perda de dados
          with
          [
              T=int
          ]
C:\Users\Ricardo Affonso\source\repos\TrabalhoTecProg\TrabalhoTecProg\Player.cpp(222,35): warning C4244: '+=': conversão de 'float' para 'T', possível perda de dados
          with
          [
              T=int
          ]
  Gerando código
  5 of 117 functions ( 4.3%) were compiled, the rest were copied from previous compilation.
    0 functions were new in current compilation
    2 functions had inline decision re-evaluated but remain unchanged
  Finalizada a geração de código
  TrabalhoTecProg.vcxproj -> C:\Users\Ricardo Affonso\source\repos\TrabalhoTecProg\Release\TrabalhoTecProg.exe
